<?xml version="1.0" encoding="UTF-8"?>
<!-- Generated by org.testng.reporters.JUnitReportReporter -->
<testsuite skipped="0" hostname="DESKTOP-I3TNLIH" name="Test.LoginTest" tests="1" failures="0" timestamp="2021-02-17T20:07:01 EST" time="14.406" errors="0">
  <testcase name="SuccessfulLogin" time="14.406" classname="Test.LoginTest"/>
  <system-out/>
</testsuite> <!-- Test.LoginTest -->
