<?xml version="1.0" encoding="UTF-8"?>
<!-- Generated by org.testng.reporters.JUnitReportReporter -->
<testsuite skipped="0" hostname="DESKTOP-B7I24IH" name="Test.SampleTest" tests="1" failures="0" timestamp="2021-02-03T22:23:06 EST" time="7.130" errors="0">
  <testcase name="sample" time="7.130" classname="Test.SampleTest"/>
  <system-out/>
</testsuite> <!-- Test.SampleTest -->
