<?xml version="1.0" encoding="UTF-8"?>
<!-- Generated by org.testng.reporters.JUnitReportReporter -->
<testsuite skipped="0" hostname="DESKTOP-B7I24IH" name="Test.UserRegistrationTest" tests="1" failures="0" timestamp="2021-02-23T22:16:12 EST" time="16.202" errors="0">
  <testcase name="RegistrationTitleCheck" time="16.202" classname="Test.UserRegistrationTest"/>
  <system-out/>
</testsuite> <!-- Test.UserRegistrationTest -->
