<?xml version="1.0" encoding="UTF-8"?>
<!-- Generated by org.testng.reporters.JUnitReportReporter -->
<testsuite skipped="0" hostname="DESKTOP-B7I24IH" name="Test.UserRegistrationTest" tests="1" failures="0" timestamp="2021-02-22T22:17:18 EST" time="18.140" errors="0">
  <testcase name="RegistrationTitleCheck" time="18.140" classname="Test.UserRegistrationTest"/>
  <system-out/>
</testsuite> <!-- Test.UserRegistrationTest -->
