<?xml version="1.0" encoding="UTF-8"?>
<!-- Generated by org.testng.reporters.JUnitReportReporter -->
<testsuite skipped="0" hostname="DESKTOP-B7I24IH" name="Test.SampleTest" tests="1" failures="0" timestamp="2021-02-08T21:46:17 EST" time="16.813" errors="0">
  <testcase name="sample" time="16.813" classname="Test.SampleTest"/>
  <system-out/>
</testsuite> <!-- Test.SampleTest -->
